MakeNSIS v2.38 - Copyright 1995-2008 Contributors
See the file COPYING for license details.
Credits can be found in the Users Manual.

Processing config: 
Processing plugin dlls: "D:\PortDev\NSIS\Plugins\*.dll"
 - AdvSplash::show
 - Banner::destroy
 - Banner::getWindow
 - Banner::show
 - BgImage::AddImage
 - BgImage::AddText
 - BgImage::Clear
 - BgImage::Destroy
 - BgImage::Redraw
 - BgImage::SetBg
 - BgImage::SetReturn
 - BgImage::Sound
 - Dialer::AttemptConnect
 - Dialer::AutodialHangup
 - Dialer::AutodialOnline
 - Dialer::AutodialUnattended
 - Dialer::GetConnectedState
 - InstallOptions::dialog
 - InstallOptions::initDialog
 - InstallOptions::show
 - LangDLL::LangDialog
 - Math::Script
 - NSISdl::download
 - NSISdl::download_quiet
 - Splash::show
 - StartMenu::Init
 - StartMenu::Select
 - StartMenu::Show
 - System::Alloc
 - System::Call
 - System::Copy
 - System::Free
 - System::Get
 - System::Int64Op
 - System::Store
 - TypeLib::GetLibVersion
 - TypeLib::Register
 - TypeLib::UnRegister
 - UserInfo::GetAccountType
 - UserInfo::GetName
 - UserInfo::GetOriginalAccountType
 - VPatch::GetFileCRC32
 - VPatch::GetFileMD5
 - VPatch::vpatchfile
 - nsDialogs::Create
 - nsDialogs::CreateControl
 - nsDialogs::CreateItem
 - nsDialogs::GetUserData
 - nsDialogs::OnBack
 - nsDialogs::OnChange
 - nsDialogs::OnClick
 - nsDialogs::OnNotify
 - nsDialogs::SelectFileDialog
 - nsDialogs::SelectFolderDialog
 - nsDialogs::SetRTL
 - nsDialogs::SetUserData
 - nsDialogs::Show
 - nsExec::Exec
 - nsExec::ExecToLog
 - nsExec::ExecToStack

!define: "MUI_INSERT_NSISCONF"=""

Changing directory to: "D:\Documents\My Projects\smlfix"

Processing script file: "setup.nsi"
!define: "productName"="Smartlaunch Fix"
!define: "baseName"="smlfix"
!define: "productVersion"="0.7"
Name: "Smartlaunch Fix Service Setup"
OutFile: "smlfix_0.7.exe"
InstallDir: "$WINDIR\system32"
Section: ""
SetOutPath: "$INSTDIR"
IfFileExists: "$INSTDIR\smlfix.exe" ? 0 : install
MessageBox: 4: "Smartlaunch Fix was already installed. Do you want to uninstall it?" (on IDNO goto cancel)
ExecWait: "$INSTDIR\smlfix.exe -u" (->)
Sleep: 2000 ms
Delete: "$INSTDIR\smlfix.exe"
Delete: "$INSTDIR\smlfix.dll"
WriteRegStr: HKLM\SOFTWARE\Microsoft\Windows NT\CurrentVersion\Winlogon\Userinit=$WINDIR\system32\userinit.exe,
MessageBox: 0: "The old Smartlaunch Fix was UNINSTALLED!"
MessageBox: 4: "Do you want to INSTALL Smartlaunch Fix now?" (on IDNO goto cancel)
File: "smlfix.exe" [compress] 20790/21504 bytes
File: "smlfix.dll" [compress] 18285/19456 bytes
WriteRegStr: HKLM\SOFTWARE\Microsoft\Windows NT\CurrentVersion\Winlogon\Userinit=$INSTDIR\smlfix.exe -efw -a reboot,
MessageBox: 4: "Do you want to run Smartlaunch Fix now?" (on IDNO goto finish)
ExecWait: "$INSTDIR\smlfix.exe -w -a reboot" (->)
MessageBox: 0: "Smartlaunch client is now protected!"
Goto: finish
MessageBox: 0: "The Smartlaunch Fix (un)installation was CANCELLED!"
Goto: done
MessageBox: 0: "The Smartlaunch Fix (un)installation was FINISHED!"
SectionEnd

Processed 1 file, writing output:
Processing pages... Done!
Removing unused resources... Done!
Generating language tables... Done!

Output: "D:\Documents\My Projects\smlfix\smlfix_0.7.exe"
Install: 2 pages (128 bytes), 1 section (1048 bytes), 21 instructions (588 bytes), 50 strings (1152 bytes), 1 language table (198 bytes).

Using zlib compression.

EXE header size:               32768 / 35328 bytes
Install code:                   1022 / 3442 bytes
Install data:                  39083 / 40968 bytes
CRC (0x4401D106):                  4 / 4 bytes

Total size:                    72877 / 79742 bytes (91.3%)
